<?xml version="1.0" encoding="UTF-8"?>
<!-- Generated by org.testng.reporters.JUnitXMLReporter -->
<testsuite ignored="0" hostname="Mapletech" failures="0" tests="4" name="Test" time="0.168" errors="0" timestamp="2023-03-10T23:48:21 IST">
  <testcase classname="com.gitPractise.JenkinPractise2Test" name="test1" time="0.011"/>
  <testcase classname="com.gitPractise.JenkinPractise2Test" name="test2" time="0.002"/>
  <testcase classname="com.gitPractise.JenkinPractise1Test" name="test1" time="0.002"/>
  <testcase classname="com.gitPractise.JenkinPractise1Test" name="test2" time="0.002"/>
</testsuite> <!-- Test -->
