<?xml version="1.0" encoding="UTF-8"?>
<!-- Generated by org.testng.reporters.JUnitXMLReporter -->
<testsuite hostname="Mapletech" ignored="0" name="Test" tests="4" failures="0" timestamp="2023-03-13T11:29:33 IST" time="0.054" errors="0">
  <testcase name="test1" time="0.006" classname="com.gitPractise.JenkinPractise2Test"/>
  <testcase name="test2" time="0.0" classname="com.gitPractise.JenkinPractise2Test"/>
  <testcase name="test1" time="0.001" classname="com.gitPractise.JenkinPractise1Test"/>
  <testcase name="test2" time="0.0" classname="com.gitPractise.JenkinPractise1Test"/>
</testsuite> <!-- Test -->
