<?xml version="1.0" encoding="UTF-8"?>
<testng-results skipped="0" failed="0" ignored="0" total="4" passed="4">
  <reporter-output>
  </reporter-output>
  <suite name="Suite" duration-ms="66" started-at="2023-03-13T12:36:22 IST" finished-at="2023-03-13T12:36:22 IST">
    <groups>
    </groups>
    <test name="Test" duration-ms="66" started-at="2023-03-13T12:36:22 IST" finished-at="2023-03-13T12:36:22 IST">
      <class name="com.gitPractise.JenkinPractise1Test">
        <test-method status="PASS" signature="test1()[pri:0, instance:com.gitPractise.JenkinPractise1Test@370736d9]" name="test1" duration-ms="0" started-at="2023-03-13T12:36:22 IST" finished-at="2023-03-13T12:36:22 IST">
          <reporter-output>
          </reporter-output>
        </test-method> <!-- test1 -->
        <test-method status="PASS" signature="test2()[pri:0, instance:com.gitPractise.JenkinPractise1Test@370736d9]" name="test2" duration-ms="1" started-at="2023-03-13T12:36:22 IST" finished-at="2023-03-13T12:36:22 IST">
          <reporter-output>
          </reporter-output>
        </test-method> <!-- test2 -->
      </class> <!-- com.gitPractise.JenkinPractise1Test -->
      <class name="com.gitPractise.JenkinPractise2Test">
        <test-method status="PASS" signature="test1()[pri:0, instance:com.gitPractise.JenkinPractise2Test@2ac273d3]" name="test1" duration-ms="8" started-at="2023-03-13T12:36:22 IST" finished-at="2023-03-13T12:36:22 IST">
          <reporter-output>
          </reporter-output>
        </test-method> <!-- test1 -->
        <test-method status="PASS" signature="test2()[pri:0, instance:com.gitPractise.JenkinPractise2Test@2ac273d3]" name="test2" duration-ms="1" started-at="2023-03-13T12:36:22 IST" finished-at="2023-03-13T12:36:22 IST">
          <reporter-output>
          </reporter-output>
        </test-method> <!-- test2 -->
      </class> <!-- com.gitPractise.JenkinPractise2Test -->
    </test> <!-- Test -->
  </suite> <!-- Suite -->
</testng-results>
