<?xml version="1.0" encoding="UTF-8"?>
<testng-results skipped="0" failed="0" ignored="0" total="4" passed="4">
  <reporter-output>
  </reporter-output>
  <suite name="Command line suite" duration-ms="57" started-at="2023-03-11T00:12:41 IST" finished-at="2023-03-11T00:12:42 IST">
    <groups>
    </groups>
    <test name="Command line test" duration-ms="57" started-at="2023-03-11T00:12:41 IST" finished-at="2023-03-11T00:12:42 IST">
      <class name="com.gitPractise.JenkinPractise1Test">
        <test-method status="PASS" signature="test1()[pri:0, instance:com.gitPractise.JenkinPractise1Test@2ac273d3]" name="test1" duration-ms="5" started-at="2023-03-11T00:12:42 IST" finished-at="2023-03-11T00:12:42 IST">
          <reporter-output>
          </reporter-output>
        </test-method> <!-- test1 -->
        <test-method status="PASS" signature="test2()[pri:0, instance:com.gitPractise.JenkinPractise1Test@2ac273d3]" name="test2" duration-ms="0" started-at="2023-03-11T00:12:42 IST" finished-at="2023-03-11T00:12:42 IST">
          <reporter-output>
          </reporter-output>
        </test-method> <!-- test2 -->
      </class> <!-- com.gitPractise.JenkinPractise1Test -->
      <class name="com.gitPractise.JenkinPractise2Test">
        <test-method status="PASS" signature="test1()[pri:0, instance:com.gitPractise.JenkinPractise2Test@5f9d02cb]" name="test1" duration-ms="1" started-at="2023-03-11T00:12:42 IST" finished-at="2023-03-11T00:12:42 IST">
          <reporter-output>
          </reporter-output>
        </test-method> <!-- test1 -->
        <test-method status="PASS" signature="test2()[pri:0, instance:com.gitPractise.JenkinPractise2Test@5f9d02cb]" name="test2" duration-ms="0" started-at="2023-03-11T00:12:42 IST" finished-at="2023-03-11T00:12:42 IST">
          <reporter-output>
          </reporter-output>
        </test-method> <!-- test2 -->
      </class> <!-- com.gitPractise.JenkinPractise2Test -->
    </test> <!-- Command line test -->
  </suite> <!-- Command line suite -->
</testng-results>
